<!DOCTYPE html>
<html>
<head>
<meta http-equiv="Content-Type" content="text/html; charset=utf-8"/>
<meta http-equiv="x-ua-compatible" content="IE=edge"/>
<title>Test results - Class User registration in Utest</title>
<link href="../css/base-style.css" rel="stylesheet" type="text/css"/>
<link href="../css/style.css" rel="stylesheet" type="text/css"/>
<script src="../js/report.js" type="text/javascript"></script>
</head>
<body>
<div id="content">
<h1>Class User registration in Utest</h1>
<div class="breadcrumbs">
<a href="../index.html">all</a> &gt; 
<a href="../packages/default-package.html">default-package</a> &gt; User registration in Utest</div>
<div id="summary">
<table>
<tr>
<td>
<div class="summaryGroup">
<table>
<tr>
<td>
<div class="infoBox" id="tests">
<div class="counter">1</div>
<p>tests</p>
</div>
</td>
<td>
<div class="infoBox" id="failures">
<div class="counter">1</div>
<p>failures</p>
</div>
</td>
<td>
<div class="infoBox" id="ignored">
<div class="counter">0</div>
<p>ignored</p>
</div>
</td>
<td>
<div class="infoBox" id="duration">
<div class="counter">18.934s</div>
<p>duration</p>
</div>
</td>
</tr>
</table>
</div>
</td>
<td>
<div class="infoBox failures" id="successRate">
<div class="percent">0%</div>
<p>successful</p>
</div>
</td>
</tr>
</table>
</div>
<div id="tabs">
<ul class="tabLinks">
<li>
<a href="#tab0">Failed tests</a>
</li>
<li>
<a href="#tab1">Tests</a>
</li>
<li>
<a href="#tab2">Standard error</a>
</li>
</ul>
<div id="tab0" class="tab">
<h2>Failed tests</h2>
<div class="test">
<a name="successful registration process"></a>
<h3 class="failures">successful registration process</h3>
<span class="code">
<pre>org.openqa.selenium.NoSuchWindowException: no such window: target window already closed
from unknown error: web view not found
  (Session info: chrome=100.0.4896.88)
Build info: version: '3.141.59', revision: 'e82be7d358', time: '2018-11-14T08:17:03'
System info: host: 'CHMEPPF34MMMS', ip: '192.168.37.1', os.name: 'Windows 10', os.arch: 'amd64', os.version: '10.0', java.version: '1.8.0_131'
Driver info: org.openqa.selenium.chrome.ChromeDriver
Capabilities {acceptInsecureCerts: false, browserName: chrome, browserVersion: 100.0.4896.88, chrome: {chromedriverVersion: 100.0.4896.60 (6a5d10861ce8..., userDataDir: C:\Users\ccogollo\AppData\L...}, goog:chromeOptions: {debuggerAddress: localhost:60328}, javascriptEnabled: true, networkConnectionEnabled: false, pageLoadStrategy: normal, platform: WINDOWS, platformName: WINDOWS, proxy: Proxy(), setWindowRect: true, strictFileInteractability: false, timeouts: {implicit: 0, pageLoad: 300000, script: 30000}, unhandledPromptBehavior: dismiss and notify, webauthn:extension:credBlob: true, webauthn:extension:largeBlob: true, webauthn:virtualAuthenticators: true}
Session ID: 5338db59e421d515eb142abd6081713e
*** Element info: {Using=id, value=city}
	at sun.reflect.NativeConstructorAccessorImpl.newInstance0(Native Method)
	at sun.reflect.NativeConstructorAccessorImpl.newInstance(NativeConstructorAccessorImpl.java:62)
	at sun.reflect.DelegatingConstructorAccessorImpl.newInstance(DelegatingConstructorAccessorImpl.java:45)
	at java.lang.reflect.Constructor.newInstance(Constructor.java:423)
	at org.openqa.selenium.remote.http.W3CHttpResponseCodec.createException(W3CHttpResponseCodec.java:187)
	at org.openqa.selenium.remote.http.W3CHttpResponseCodec.decode(W3CHttpResponseCodec.java:122)
	at org.openqa.selenium.remote.http.W3CHttpResponseCodec.decode(W3CHttpResponseCodec.java:49)
	at org.openqa.selenium.remote.HttpCommandExecutor.execute(HttpCommandExecutor.java:158)
	at org.openqa.selenium.remote.service.DriverCommandExecutor.execute(DriverCommandExecutor.java:83)
	at org.openqa.selenium.remote.RemoteWebDriver.execute(RemoteWebDriver.java:552)
	at org.openqa.selenium.remote.RemoteWebDriver.findElement(RemoteWebDriver.java:323)
	at org.openqa.selenium.remote.RemoteWebDriver.findElementById(RemoteWebDriver.java:372)
	at org.openqa.selenium.By$ById.findElement(By.java:188)
	at org.openqa.selenium.remote.RemoteWebDriver.findElement(RemoteWebDriver.java:315)
	at net.thucydides.core.webdriver.WebDriverFacade.findElement(WebDriverFacade.java:222)
	at net.serenitybdd.core.pages.WebElementResolverByLocator.resolveForDriver(WebElementResolverByLocator.java:18)
	at net.serenitybdd.core.pages.WebElementFacadeImpl.getElement(WebElementFacadeImpl.java:221)
	at net.serenitybdd.core.pages.WebElementExpectations$3.apply(WebElementExpectations.java:63)
	at net.serenitybdd.core.pages.WebElementExpectations$3.apply(WebElementExpectations.java:55)
	at org.openqa.selenium.support.ui.FluentWait.until(FluentWait.java:249)
	at net.serenitybdd.core.pages.WebElementFacadeImpl.waitUntilEnabled(WebElementFacadeImpl.java:1146)
	at net.serenitybdd.core.pages.WebElementFacadeImpl.waitUntilElementAvailable(WebElementFacadeImpl.java:954)
	at net.serenitybdd.core.pages.WebElementFacadeImpl.type(WebElementFacadeImpl.java:811)
	at net.serenitybdd.screenplay.actions.EnterValueIntoTarget.performAs(EnterValueIntoTarget.java:18)
	at net.serenitybdd.screenplay.actions.EnterValueIntoTarget$ByteBuddy$mwLOWfAv.performAs$accessor$hO7Jdo5D(Unknown Source)
	at sun.reflect.NativeMethodAccessorImpl.invoke0(Native Method)
	at sun.reflect.NativeMethodAccessorImpl.invoke(NativeMethodAccessorImpl.java:62)
	at sun.reflect.DelegatingMethodAccessorImpl.invoke(DelegatingMethodAccessorImpl.java:43)
	at java.lang.reflect.Method.invoke(Method.java:498)
	at net.thucydides.core.steps.StepInterceptor.invokeMethod(StepInterceptor.java:471)
	at net.thucydides.core.steps.StepInterceptor.executeTestStepMethod(StepInterceptor.java:451)
	at net.thucydides.core.steps.StepInterceptor.runTestStep(StepInterceptor.java:424)
	at net.thucydides.core.steps.StepInterceptor.runOrSkipMethod(StepInterceptor.java:180)
	at net.thucydides.core.steps.StepInterceptor.testStepResult(StepInterceptor.java:167)
	at net.thucydides.core.steps.StepInterceptor.intercept(StepInterceptor.java:75)
	at net.serenitybdd.screenplay.actions.EnterValueIntoTarget$ByteBuddy$mwLOWfAv.performAs(Unknown Source)
	at net.serenitybdd.screenplay.Actor.performTask(Actor.java:233)
	at net.serenitybdd.screenplay.Actor.perform(Actor.java:214)
	at net.serenitybdd.screenplay.Actor.attemptsTo(Actor.java:171)
	at co.com.choucair.utest_reto.tasks.FillPageUserLocation.performAs(FillPageUserLocation.java:29)
	at co.com.choucair.utest_reto.tasks.FillPageUserLocation$ByteBuddy$Ua7Xk8zs.performAs$accessor$ttIRpm9r(Unknown Source)
	at sun.reflect.NativeMethodAccessorImpl.invoke0(Native Method)
	at sun.reflect.NativeMethodAccessorImpl.invoke(NativeMethodAccessorImpl.java:62)
	at sun.reflect.DelegatingMethodAccessorImpl.invoke(DelegatingMethodAccessorImpl.java:43)
	at java.lang.reflect.Method.invoke(Method.java:498)
	at net.thucydides.core.steps.StepInterceptor.invokeMethod(StepInterceptor.java:471)
	at net.thucydides.core.steps.StepInterceptor.executeTestStepMethod(StepInterceptor.java:451)
	at net.thucydides.core.steps.StepInterceptor.runTestStep(StepInterceptor.java:424)
	at net.thucydides.core.steps.StepInterceptor.runOrSkipMethod(StepInterceptor.java:180)
	at net.thucydides.core.steps.StepInterceptor.testStepResult(StepInterceptor.java:167)
	at net.thucydides.core.steps.StepInterceptor.intercept(StepInterceptor.java:75)
	at co.com.choucair.utest_reto.tasks.FillPageUserLocation$ByteBuddy$Ua7Xk8zs.performAs(Unknown Source)
	at net.serenitybdd.screenplay.Actor.performTask(Actor.java:233)
	at net.serenitybdd.screenplay.Actor.perform(Actor.java:214)
	at net.serenitybdd.screenplay.Actor.attemptsTo(Actor.java:171)
	at co.com.choucair.utest_reto.stepdefinitions.UtestStepDefinition.completeRegistrationInformation(UtestStepDefinition.java:38)
	at ✽.Complete registration information(src/test/resources/features/user_register.feature:12)
</pre>
</span>
</div>
</div>
<div id="tab1" class="tab">
<h2>Tests</h2>
<table>
<thead>
<tr>
<th>Test</th>
<th>Duration</th>
<th>Result</th>
</tr>
</thead>
<tr>
<td class="failures">successful registration process</td>
<td class="failures">18.934s</td>
<td class="failures">failed</td>
</tr>
</table>
</div>
<div id="tab2" class="tab">
<h2>Standard error</h2>
<span class="code">
<pre>[Test worker] WARN net.thucydides.core.steps.BaseStepListener - stepStarted: net.thucydides.core.steps.ExecutedStepDescription@25b86db4
[Test worker] WARN net.thucydides.core.steps.BaseStepListener - stepStarted: net.thucydides.core.steps.ExecutedStepDescription@5eb95175
[Test worker] WARN net.thucydides.core.steps.BaseStepListener - stepStarted: net.thucydides.core.steps.ExecutedStepDescription@4ee6aa34
abr 12, 2022 3:51:54 PM org.openqa.selenium.remote.DesiredCapabilities chrome
INFORMACIÓN: Using `new ChromeOptions()` is preferred to `DesiredCapabilities.chrome()`
[Test worker] INFO net.serenitybdd.core.webdriver.driverproviders.ProvideNewDriver - Instantiating driver
[Test worker] INFO net.serenitybdd.core.webdriver.driverproviders.ProvideNewDriver - Driver capabilities: Capabilities {acceptInsecureCerts: false, browserName: chrome, chrome.switches: --start-maximized, goog:chromeOptions: {args: [--start-maximized], extensions: []}, loggingPrefs: org.openqa.selenium.logging..., platform: ANY, version: }
Starting ChromeDriver 100.0.4896.60 (6a5d10861ce8de5fce22564658033b43cb7de047-refs/branch-heads/4896@{#875}) on port 46461
Only local connections are allowed.
Please see https://chromedriver.chromium.org/security-considerations for suggestions on keeping ChromeDriver safe.
ChromeDriver was started successfully.
abr 12, 2022 3:51:57 PM org.openqa.selenium.remote.ProtocolHandshake createSession
INFORMACIÓN: Detected dialect: W3C
[Test worker] WARN net.thucydides.core.steps.BaseStepListener - stepFinished: current outcome:successful registration process:Given User wants to register [User open home page utest [User opens the Home page utest]]
[Test worker] WARN net.thucydides.core.steps.BaseStepListener - stepStarted: net.thucydides.core.steps.ExecutedStepDescription@92d29e0
[Test worker] WARN net.thucydides.core.steps.BaseStepListener - stepFinished: current outcome:successful registration process:Given User wants to register [User open home page utest [User opens the Home page utest, User clicks on Button to start registration]]
[Test worker] WARN net.thucydides.core.steps.BaseStepListener - stepFinished: current outcome:successful registration process:Given User wants to register [User open home page utest [User opens the Home page utest, User clicks on Button to start registration]]
[Test worker] WARN net.thucydides.core.steps.BaseStepListener - stepFinished: current outcome:successful registration process:Given User wants to register [User open home page utest [User opens the Home page utest, User clicks on Button to start registration]]
[Test worker] WARN net.thucydides.core.steps.BaseStepListener - stepStarted: net.thucydides.core.steps.ExecutedStepDescription@30e7dd11
[Test worker] WARN net.thucydides.core.steps.BaseStepListener - stepStarted: net.thucydides.core.steps.ExecutedStepDescription@1db9077c
[Test worker] WARN net.thucydides.core.steps.BaseStepListener - stepStarted: net.thucydides.core.steps.ExecutedStepDescription@63948cd0
[Test worker] WARN net.thucydides.core.steps.BaseStepListener - stepFinished: current outcome:successful registration process:Given User wants to register [User open home page utest [User opens the Home page utest, User clicks on Button to start registration]], When Complete registration information
| name | lastName | email | birthMonth | birthDay | birthYear | city | zip | country | computer | version | languaje | movilDevice | modelDevice | os | pass |
| Carlos | Cogollo | carlosjcogolloh@gmail.com | March | 15 | 1997 | Monteria | 230003 | Colombia | Windows | 7 | English | Xiaomi | Mi Note 10 pro | Android 10 | !#Carlos3007016488 | [User fill page user information [User enters 'Carlos' into Field for name]]
[Test worker] WARN net.thucydides.core.steps.BaseStepListener - stepStarted: net.thucydides.core.steps.ExecutedStepDescription@6343565d
[Test worker] WARN net.thucydides.core.steps.BaseStepListener - stepFinished: current outcome:successful registration process:Given User wants to register [User open home page utest [User opens the Home page utest, User clicks on Button to start registration]], When Complete registration information
| name | lastName | email | birthMonth | birthDay | birthYear | city | zip | country | computer | version | languaje | movilDevice | modelDevice | os | pass |
| Carlos | Cogollo | carlosjcogolloh@gmail.com | March | 15 | 1997 | Monteria | 230003 | Colombia | Windows | 7 | English | Xiaomi | Mi Note 10 pro | Android 10 | !#Carlos3007016488 | [User fill page user information [User enters 'Carlos' into Field for name, User enters 'Cogollo' into Field for last name]]
[Test worker] WARN net.thucydides.core.steps.BaseStepListener - stepStarted: net.thucydides.core.steps.ExecutedStepDescription@5304ac2c
[Test worker] WARN net.thucydides.core.steps.BaseStepListener - stepFinished: current outcome:successful registration process:Given User wants to register [User open home page utest [User opens the Home page utest, User clicks on Button to start registration]], When Complete registration information
| name | lastName | email | birthMonth | birthDay | birthYear | city | zip | country | computer | version | languaje | movilDevice | modelDevice | os | pass |
| Carlos | Cogollo | carlosjcogolloh@gmail.com | March | 15 | 1997 | Monteria | 230003 | Colombia | Windows | 7 | English | Xiaomi | Mi Note 10 pro | Android 10 | !#Carlos3007016488 | [User fill page user information [User enters 'Carlos' into Field for name, User enters 'Cogollo' into Field for last name, User enters 'carlosjcogolloh@gmail.com' into Field for email]]
[Test worker] WARN net.thucydides.core.steps.BaseStepListener - stepStarted: net.thucydides.core.steps.ExecutedStepDescription@2f0571e2
[Test worker] WARN net.thucydides.core.steps.BaseStepListener - stepFinished: current outcome:successful registration process:Given User wants to register [User open home page utest [User opens the Home page utest, User clicks on Button to start registration]], When Complete registration information
| name | lastName | email | birthMonth | birthDay | birthYear | city | zip | country | computer | version | languaje | movilDevice | modelDevice | os | pass |
| Carlos | Cogollo | carlosjcogolloh@gmail.com | March | 15 | 1997 | Monteria | 230003 | Colombia | Windows | 7 | English | Xiaomi | Mi Note 10 pro | Android 10 | !#Carlos3007016488 | [User fill page user information [User enters 'Carlos' into Field for name, User enters 'Cogollo' into Field for last name, User enters 'carlosjcogolloh@gmail.com' into Field for email, User select March on Field for birth month]]
[Test worker] WARN net.thucydides.core.steps.BaseStepListener - stepStarted: net.thucydides.core.steps.ExecutedStepDescription@2000333d
[Test worker] WARN net.thucydides.core.steps.BaseStepListener - stepFinished: current outcome:successful registration process:Given User wants to register [User open home page utest [User opens the Home page utest, User clicks on Button to start registration]], When Complete registration information
| name | lastName | email | birthMonth | birthDay | birthYear | city | zip | country | computer | version | languaje | movilDevice | modelDevice | os | pass |
| Carlos | Cogollo | carlosjcogolloh@gmail.com | March | 15 | 1997 | Monteria | 230003 | Colombia | Windows | 7 | English | Xiaomi | Mi Note 10 pro | Android 10 | !#Carlos3007016488 | [User fill page user information [User enters 'Carlos' into Field for name, User enters 'Cogollo' into Field for last name, User enters 'carlosjcogolloh@gmail.com' into Field for email, User select March on Field for birth month, User select 15 on Field for birth day]]
[Test worker] WARN net.thucydides.core.steps.BaseStepListener - stepStarted: net.thucydides.core.steps.ExecutedStepDescription@4b1aadd
[Test worker] WARN net.thucydides.core.steps.BaseStepListener - stepFinished: current outcome:successful registration process:Given User wants to register [User open home page utest [User opens the Home page utest, User clicks on Button to start registration]], When Complete registration information
| name | lastName | email | birthMonth | birthDay | birthYear | city | zip | country | computer | version | languaje | movilDevice | modelDevice | os | pass |
| Carlos | Cogollo | carlosjcogolloh@gmail.com | March | 15 | 1997 | Monteria | 230003 | Colombia | Windows | 7 | English | Xiaomi | Mi Note 10 pro | Android 10 | !#Carlos3007016488 | [User fill page user information [User enters 'Carlos' into Field for name, User enters 'Cogollo' into Field for last name, User enters 'carlosjcogolloh@gmail.com' into Field for email, User select March on Field for birth month, User select 15 on Field for birth day, User select 1997 on Field for birth year]]
[Test worker] WARN net.thucydides.core.steps.BaseStepListener - stepStarted: net.thucydides.core.steps.ExecutedStepDescription@6bf6c836
[Test worker] WARN net.thucydides.core.steps.BaseStepListener - stepFinished: current outcome:successful registration process:Given User wants to register [User open home page utest [User opens the Home page utest, User clicks on Button to start registration]], When Complete registration information
| name | lastName | email | birthMonth | birthDay | birthYear | city | zip | country | computer | version | languaje | movilDevice | modelDevice | os | pass |
| Carlos | Cogollo | carlosjcogolloh@gmail.com | March | 15 | 1997 | Monteria | 230003 | Colombia | Windows | 7 | English | Xiaomi | Mi Note 10 pro | Android 10 | !#Carlos3007016488 | [User fill page user information [User enters 'Carlos' into Field for name, User enters 'Cogollo' into Field for last name, User enters 'carlosjcogolloh@gmail.com' into Field for email, User select March on Field for birth month, User select 15 on Field for birth day, User select 1997 on Field for birth year, User clicks on Button for location]]
[Test worker] WARN net.thucydides.core.steps.BaseStepListener - stepFinished: current outcome:successful registration process:Given User wants to register [User open home page utest [User opens the Home page utest, User clicks on Button to start registration]], When Complete registration information
| name | lastName | email | birthMonth | birthDay | birthYear | city | zip | country | computer | version | languaje | movilDevice | modelDevice | os | pass |
| Carlos | Cogollo | carlosjcogolloh@gmail.com | March | 15 | 1997 | Monteria | 230003 | Colombia | Windows | 7 | English | Xiaomi | Mi Note 10 pro | Android 10 | !#Carlos3007016488 | [User fill page user information [User enters 'Carlos' into Field for name, User enters 'Cogollo' into Field for last name, User enters 'carlosjcogolloh@gmail.com' into Field for email, User select March on Field for birth month, User select 15 on Field for birth day, User select 1997 on Field for birth year, User clicks on Button for location]]
[Test worker] WARN net.thucydides.core.steps.BaseStepListener - stepStarted: net.thucydides.core.steps.ExecutedStepDescription@389da001
[Test worker] WARN net.thucydides.core.steps.BaseStepListener - stepStarted: net.thucydides.core.steps.ExecutedStepDescription@337b88f8
[Test worker] WARN net.thucydides.core.steps.BaseStepListener - stepStarted: net.thucydides.core.steps.ExecutedStepDescription@6a427309
[Test worker] WARN net.thucydides.core.steps.BaseStepListener - testFinished: successful registration process:Given User wants to register [User open home page utest [User opens the Home page utest, User clicks on Button to start registration]], When Complete registration information
| name | lastName | email | birthMonth | birthDay | birthYear | city | zip | country | computer | version | languaje | movilDevice | modelDevice | os | pass |
| Carlos | Cogollo | carlosjcogolloh@gmail.com | March | 15 | 1997 | Monteria | 230003 | Colombia | Windows | 7 | English | Xiaomi | Mi Note 10 pro | Android 10 | !#Carlos3007016488 | [User fill page user information [User enters 'Carlos' into Field for name, User enters 'Cogollo' into Field for last name, User enters 'carlosjcogolloh@gmail.com' into Field for email, User select March on Field for birth month, User select 15 on Field for birth day, User select 1997 on Field for birth year, User clicks on Button for location], User fill page user location [User enters 'Monteria' into Field for city]], Then Complete registration
| textFinal |
| Complete Setup |
[Test worker] WARN net.thucydides.core.steps.BaseStepListener - TestOutcomes: [successful registration process:Given User wants to register [User open home page utest [User opens the Home page utest, User clicks on Button to start registration]], When Complete registration information
| name | lastName | email | birthMonth | birthDay | birthYear | city | zip | country | computer | version | languaje | movilDevice | modelDevice | os | pass |
| Carlos | Cogollo | carlosjcogolloh@gmail.com | March | 15 | 1997 | Monteria | 230003 | Colombia | Windows | 7 | English | Xiaomi | Mi Note 10 pro | Android 10 | !#Carlos3007016488 | [User fill page user information [User enters 'Carlos' into Field for name, User enters 'Cogollo' into Field for last name, User enters 'carlosjcogolloh@gmail.com' into Field for email, User select March on Field for birth month, User select 15 on Field for birth day, User select 1997 on Field for birth year, User clicks on Button for location], User fill page user location [User enters 'Monteria' into Field for city]], Then Complete registration
| textFinal |
| Complete Setup |]
[Test worker] WARN net.thucydides.core.steps.BaseStepListener - Final testOutcomes: [successful registration process:Given User wants to register [User open home page utest [User opens the Home page utest, User clicks on Button to start registration]], When Complete registration information
| name | lastName | email | birthMonth | birthDay | birthYear | city | zip | country | computer | version | languaje | movilDevice | modelDevice | os | pass |
| Carlos | Cogollo | carlosjcogolloh@gmail.com | March | 15 | 1997 | Monteria | 230003 | Colombia | Windows | 7 | English | Xiaomi | Mi Note 10 pro | Android 10 | !#Carlos3007016488 | [User fill page user information [User enters 'Carlos' into Field for name, User enters 'Cogollo' into Field for last name, User enters 'carlosjcogolloh@gmail.com' into Field for email, User select March on Field for birth month, User select 15 on Field for birth day, User select 1997 on Field for birth year, User clicks on Button for location], User fill page user location [User enters 'Monteria' into Field for city]], Then Complete registration
| textFinal |
| Complete Setup |]
[Test worker] ERROR net.thucydides.core.steps.ConsoleLoggingListener - 
           __  _____ _____ ____ _____   _____ _    ___ _     _____ ____  
  _       / / |_   _| ____/ ___|_   _| |  ___/ \  |_ _| |   | ____|  _ \ 
 (_)_____| |    | | |  _| \___ \ | |   | |_ / _ \  | || |   |  _| | | | |
  _|_____| |    | | | |___ ___) || |   |  _/ ___ \ | || |___| |___| |_| |
 (_)     | |    |_| |_____|____/ |_|   |_|/_/   \_\___|_____|_____|____/ 
          \_\                                                            

TEST FAILED WITH ERROR: successful registration process
---------------------------------------------------------------------
[Test worker] ERROR net.thucydides.core.steps.ConsoleLoggingListener - TEST FAILED AT STEP User enters 'Monteria' into Field for city
[Test worker] ERROR net.thucydides.core.steps.ConsoleLoggingListener - no such window: target window already closed
</pre>
</span>
</div>
</div>
<div id="footer">
<p>
<div>
<label class="hidden" id="label-for-line-wrapping-toggle" for="line-wrapping-toggle">Wrap lines
<input id="line-wrapping-toggle" type="checkbox" autocomplete="off"/>
</label>
</div>Generated by 
<a href="http://www.gradle.org">Gradle 7.1</a> at 12/04/2022 03:52:14 PM</p>
</div>
</div>
</body>
</html>
